Change Component Parameter Comment in C1 Old= New=104
Change Component Parameter Comment in C2 Old= New=104
Change Component Parameter Comment in C3 Old= New=104
Change Component Parameter Comment in C4 Old= New=104
Change Component Parameter Comment in LED1 Old= New=红色
Change Component Parameter Comment in LED2 Old= New=红色
Change Component Parameter Comment in LED3 Old= New=红色
Change Component Parameter Comment in R1 Old= New=1K
Change Component Parameter Comment in R2 Old= New=1K
Change Component Parameter Comment in R3 Old= New=1K
Change Component Parameter Comment in R4 Old= New=1K
Change Component Parameter Comment in R5 Old= New=1K
Replace Symbol from C1 C in C:\Users\21482\Desktop\PCB_Project\Sheet1.SchDoc with C from 0.1 - 电阻-电容-电感.SchLib
Replace Symbol from C2 C in C:\Users\21482\Desktop\PCB_Project\Sheet1.SchDoc with C from 0.1 - 电阻-电容-电感.SchLib
Replace Symbol from C3 C in C:\Users\21482\Desktop\PCB_Project\Sheet1.SchDoc with C from 0.1 - 电阻-电容-电感.SchLib
Replace Symbol from C4 C in C:\Users\21482\Desktop\PCB_Project\Sheet1.SchDoc with C from 0.1 - 电阻-电容-电感.SchLib
Replace Symbol from J1 USB_Type-C in C:\Users\21482\Desktop\PCB_Project\Sheet1.SchDoc with USB_Type-C from USB.SchLib
Replace Symbol from JP1 Header 4 in C:\Users\21482\Desktop\PCB_Project\Sheet1.SchDoc with Header 4 from 5.4 - 接插件-脚距2.54 (100mil) .SchLib
Replace Symbol from JP2 Header 5 in C:\Users\21482\Desktop\PCB_Project\Sheet1.SchDoc with Header 5 from 5.4 - 接插件-脚距2.54 (100mil) .SchLib
Replace Symbol from JP3 Header 7 in C:\Users\21482\Desktop\PCB_Project\Sheet1.SchDoc with Header 7 from 5.4 - 接插件-脚距2.54 (100mil) .SchLib
Replace Symbol from JP4 Header 4X2 in C:\Users\21482\Desktop\PCB_Project\Sheet1.SchDoc with Header 4X2 from 5.4 - 接插件-脚距2.54 (100mil) .SchLib
Replace Symbol from LED1 LED-SMD in C:\Users\21482\Desktop\PCB_Project\Sheet1.SchDoc with LED-SMD from 0.3 - LED发光二极管.SchLib
Replace Symbol from LED2 LED-SMD in C:\Users\21482\Desktop\PCB_Project\Sheet1.SchDoc with LED-SMD from 0.3 - LED发光二极管.SchLib
Replace Symbol from LED3 LED-SMD in C:\Users\21482\Desktop\PCB_Project\Sheet1.SchDoc with LED-SMD from 0.3 - LED发光二极管.SchLib
Replace Symbol from R1 R in C:\Users\21482\Desktop\PCB_Project\Sheet1.SchDoc with R from 0.1 - 电阻-电容-电感.SchLib
Replace Symbol from R2 R in C:\Users\21482\Desktop\PCB_Project\Sheet1.SchDoc with R from 0.1 - 电阻-电容-电感.SchLib
Replace Symbol from R3 R in C:\Users\21482\Desktop\PCB_Project\Sheet1.SchDoc with R from 0.1 - 电阻-电容-电感.SchLib
Replace Symbol from R4 R in C:\Users\21482\Desktop\PCB_Project\Sheet1.SchDoc with R from 0.1 - 电阻-电容-电感.SchLib
Replace Symbol from R5 R in C:\Users\21482\Desktop\PCB_Project\Sheet1.SchDoc with R from 0.1 - 电阻-电容-电感.SchLib
Replace Symbol from U1 CP2104 in C:\Users\21482\Desktop\PCB_Project\Sheet1.SchDoc with CP2104 from USB.SchLib
